<?xml version="1.0" encoding="UTF-8"?>
<!-- Generated by org.testng.reporters.JUnitReportReporter -->
<testsuite hostname="DESKTOP-0PPKKSD" failures="0" tests="1" name="testscript.LoginTest" time="5.828" errors="0" timestamp="2024-11-27T14:49:42 IST" skipped="0">
  <testcase classname="testscript.LoginTest" name="verifyValidUserInvalidPassword" time="5.828"/>
</testsuite> <!-- testscript.LoginTest -->
